[16:07:39.253][info] [#0:/home/ahmed/.dotfiles/home/.local/share/nvim/mason/packages/lua-language-server/libexec/main.lua:68]: Lua Lsp startup, root: 	/home/ahmed/.dotfiles/home/.local/share/nvim/mason/packages/lua-language-server/libexec
[16:07:39.253][info] [#0:/home/ahmed/.dotfiles/home/.local/share/nvim/mason/packages/lua-language-server/libexec/main.lua:69]: ROOT:	/home/ahmed/.dotfiles/home/.local/share/nvim/mason/packages/lua-language-server/libexec
[16:07:39.253][info] [#0:/home/ahmed/.dotfiles/home/.local/share/nvim/mason/packages/lua-language-server/libexec/main.lua:70]: LOGPATH:	/home/ahmed/.dotfiles/home/.local/share/nvim/mason/packages/lua-language-server/libexec/log
[16:07:39.253][info] [#0:/home/ahmed/.dotfiles/home/.local/share/nvim/mason/packages/lua-language-server/libexec/main.lua:71]: METAPATH:	/home/ahmed/.dotfiles/home/.local/share/nvim/mason/packages/lua-language-server/libexec/meta
[16:07:39.253][info] [#0:/home/ahmed/.dotfiles/home/.local/share/nvim/mason/packages/lua-language-server/libexec/main.lua:72]: VERSION:	3.13.2
[16:07:39.303][info] [#0:script/proto/proto.lua:260]: Listen Mode: stdio
[16:07:39.303][info] [#0:script/service/service.lua:145]: 
========= Medical Examination Report =========
    --------------- Memory ---------------
        Total: 2.253 MB
        # 00 : 2.253 MB
        # 01 : 0.000 MB
        # 02 : 0.000 MB
        # 03 : 0.000 MB
        # 04 : 0.000 MB
    --------------- Coroutine ---------------
        Total:     0
        Running:   0
        Suspended: 0
        Normal:    0
        Dead:      0
    --------------- Cache ---------------
        Total: 1
        Dead:  0
    ---------------  RPC  ---------------
        Holdon:   0
        Waiting:  0
==============================================
[16:07:39.415][info] [#0:script/client.lua:657]: Client init	{
  capabilities = {
    general = {
      positionEncodings = { "utf-16" }
    },
    textDocument = {
      callHierarchy = {
        dynamicRegistration = false
      },
      codeAction = {
        codeActionLiteralSupport = {
          codeActionKind = {
            valueSet = { "", "quickfix", "refactor", "refactor.extract", "refactor.inline", "refactor.rewrite", "source", "source.organizeImports" }
          }
        },
        dataSupport = true,
        dynamicRegistration = true,
        isPreferredSupport = true,
        resolveSupport = {
          properties = { "edit" }
        }
      },
      completion = {
        completionItem = {
          commitCharactersSupport = true,
          deprecatedSupport = true,
          documentationFormat = { "markdown", "plaintext" },
          insertReplaceSupport = true,
          insertTextModeSupport = {
            valueSet = { 1, 2 }
          },
          labelDetailsSupport = true,
          preselectSupport = true,
          resolveSupport = {
            properties = { "documentation", "detail", "additionalTextEdits", "sortText", "filterText", "insertText", "textEdit", "insertTextFormat", "insertTextMode" }
          },
          snippetSupport = true,
          tagSupport = {
            valueSet = { 1 }
          }
        },
        completionItemKind = {
          valueSet = { 1, 2, 3, 4, 5, 6, 7, 8, 9, 10, 11, 12, 13, 14, 15, 16, 17, 18, 19, 20, 21, 22, 23, 24, 25 }
        },
        completionList = {
          itemDefaults = { "commitCharacters", "editRange", "insertTextFormat", "insertTextMode", "data" }
        },
        contextSupport = true,
        dynamicRegistration = false,
        insertTextMode = 1
      },
      declaration = {
        linkSupport = true
      },
      definition = {
        dynamicRegistration = true,
        linkSupport = true
      },
      diagnostic = {
        dynamicRegistration = false
      },
      documentHighlight = {
        dynamicRegistration = false
      },
      documentSymbol = {
        dynamicRegistration = false,
        hierarchicalDocumentSymbolSupport = true,
        symbolKind = {
          valueSet = { 1, 2, 3, 4, 5, 6, 7, 8, 9, 10, 11, 12, 13, 14, 15, 16, 17, 18, 19, 20, 21, 22, 23, 24, 25, 26 }
        }
      },
      formatting = {
        dynamicRegistration = true
      },
      hover = {
        contentFormat = { "markdown", "plaintext" },
        dynamicRegistration = true
      },
      implementation = {
        linkSupport = true
      },
      inlayHint = {
        dynamicRegistration = true,
        resolveSupport = {
          properties = { "textEdits", "tooltip", "location", "command" }
        }
      },
      publishDiagnostics = {
        dataSupport = true,
        relatedInformation = true,
        tagSupport = {
          valueSet = { 1, 2 }
        }
      },
      rangeFormatting = {
        dynamicRegistration = true
      },
      references = {
        dynamicRegistration = false
      },
      rename = {
        dynamicRegistration = true,
        prepareSupport = true
      },
      semanticTokens = {
        augmentsSyntaxTokens = true,
        dynamicRegistration = false,
        formats = { "relative" },
        multilineTokenSupport = false,
        overlappingTokenSupport = true,
        requests = {
          full = {
            delta = true
          },
          range = false
        },
        serverCancelSupport = false,
        tokenModifiers = { "declaration", "definition", "readonly", "static", "deprecated", "abstract", "async", "modification", "documentation", "defaultLibrary" },
        tokenTypes = { "namespace", "type", "class", "enum", "interface", "struct", "typeParameter", "parameter", "variable", "property", "enumMember", "event", "function", "method", "macro", "keyword", "modifier", "comment", "string", "number", "regexp", "operator", "decorator" }
      },
      signatureHelp = {
        dynamicRegistration = false,
        signatureInformation = {
          activeParameterSupport = true,
          documentationFormat = { "markdown", "plaintext" },
          parameterInformation = {
            labelOffsetSupport = true
          }
        }
      },
      synchronization = {
        didSave = true,
        dynamicRegistration = false,
        willSave = true,
        willSaveWaitUntil = true
      },
      typeDefinition = {
        linkSupport = true
      }
    },
    window = {
      showDocument = {
        support = true
      },
      showMessage = {
        messageActionItem = {
          additionalPropertiesSupport = false
        }
      },
      workDoneProgress = true
    },
    workspace = {
      applyEdit = true,
      configuration = true,
      didChangeConfiguration = {
        dynamicRegistration = false
      },
      didChangeWatchedFiles = {
        dynamicRegistration = false,
        relativePatternSupport = true
      },
      fileOperations = {
        didRename = true,
        willRename = true
      },
      inlayHint = {
        refreshSupport = true
      },
      semanticTokens = {
        refreshSupport = true
      },
      symbol = {
        dynamicRegistration = false,
        symbolKind = {
          valueSet = { 1, 2, 3, 4, 5, 6, 7, 8, 9, 10, 11, 12, 13, 14, 15, 16, 17, 18, 19, 20, 21, 22, 23, 24, 25, 26 }
        }
      },
      workspaceEdit = {
        resourceOperations = { "rename", "create", "delete" }
      },
      workspaceFolders = true
    }
  },
  clientInfo = {
    name = "Neovim",
    version = "0.10.2+v0.10.2"
  },
  initializationOptions = {},
  processId = 11352,
  rootPath = "/home/ahmed/.dotfiles/nvim/.config/nvim",
  rootUri = "file:///home/ahmed/.dotfiles/nvim/.config/nvim",
  trace = "off",
  workDoneToken = "1",
  workspaceFolders = { {
      name = "/home/ahmed/.dotfiles/nvim/.config/nvim",
      uri = "file:///home/ahmed/.dotfiles/nvim/.config/nvim"
    } }
}
[16:07:39.415][info] [#0:script/language.lua:137]: VSC language: nil
[16:07:39.415][info] [#0:script/language.lua:138]: LS  language: en-us
[16:07:39.415][info] [#0:script/workspace/workspace.lua:38]: Workspace init root: 	file:///home/ahmed/.dotfiles/nvim/.config/nvim
[16:07:39.415][info] [#0:script/workspace/workspace.lua:42]: Log path: 	/home/ahmed/.dotfiles/home/.local/share/nvim/mason/packages/lua-language-server/libexec/log/file_home_ahmed_.dotfiles_nvim_.config_nvim.log
[16:07:39.415][info] [#0:script/workspace/workspace.lua:48]: Workspace create: 	file:///home/ahmed/.dotfiles/nvim/.config/nvim
[16:07:39.724][info] [#0:script/provider/provider.lua:48]: Load config from client	file:///home/ahmed/.dotfiles/nvim/.config/nvim
[16:07:39.724][info] [#0:script/provider/provider.lua:49]: {
  Lua = {
    codeLens = {
      enable = true
    },
    completion = {
      callSnippet = "Replace"
    },
    doc = {
      privateName = { "^_" }
    },
    hint = {
      arrayIndex = "Disable",
      enable = true,
      paramName = "Disable",
      paramType = true,
      semicolon = "Disable",
      setType = false
    },
    runtime = {
      path = { "?.lua", "?/init.lua" },
      pathStrict = true,
      version = "LuaJIT"
    },
    workspace = {
      checkThirdParty = false,
      ignoreDir = { "/lua" },
      library = { "/snap/nvim/3042/usr/share/nvim/runtime/lua", "/home/ahmed/.dotfiles/nvim/.config/nvim/lua" }
    }
  }
}
[16:07:39.725][info] [#0:script/provider/provider.lua:48]: Load config from client	file:///home/ahmed/.dotfiles/nvim/.config/nvim
[16:07:39.726][info] [#0:script/provider/provider.lua:49]: {
  Lua = {
    codeLens = {
      enable = true
    },
    completion = {
      callSnippet = "Replace"
    },
    doc = {
      privateName = { "^_" }
    },
    hint = {
      arrayIndex = "Disable",
      enable = true,
      paramName = "Disable",
      paramType = true,
      semicolon = "Disable",
      setType = false
    },
    runtime = {
      path = { "?.lua", "?/init.lua" },
      pathStrict = true,
      version = "LuaJIT"
    },
    workspace = {
      checkThirdParty = false,
      ignoreDir = { "/lua" },
      library = { "/snap/nvim/3042/usr/share/nvim/runtime/lua", "/home/ahmed/.dotfiles/nvim/.config/nvim/lua" }
    }
  }
}
[16:07:39.726][info] [#0:script/provider/provider.lua:48]: Load config from client	file:///home/ahmed/.dotfiles/nvim/.config/nvim
[16:07:39.727][info] [#0:script/provider/provider.lua:49]: {
  Lua = {
    codeLens = {
      enable = true
    },
    completion = {
      callSnippet = "Replace"
    },
    doc = {
      privateName = { "^_" }
    },
    hint = {
      arrayIndex = "Disable",
      enable = true,
      paramName = "Disable",
      paramType = true,
      semicolon = "Disable",
      setType = false
    },
    runtime = {
      path = { "?.lua", "?/init.lua" },
      pathStrict = true,
      version = "LuaJIT"
    },
    workspace = {
      checkThirdParty = false,
      ignoreDir = { "/lua" },
      library = { "/snap/nvim/3042/usr/share/nvim/runtime/lua", "/home/ahmed/.dotfiles/nvim/.config/nvim/lua" }
    }
  }
}
[16:07:39.728][warn] [#0:script/config/loader.lua:116]: No config?	{}
[16:07:39.728][info] [#0:script/provider/provider.lua:64]: Load config from client	fallback
[16:07:39.728][info] [#0:script/provider/provider.lua:65]: nil
[16:07:39.729][warn] [#0:script/config/loader.lua:116]: No config?	{}
[16:07:39.729][info] [#0:script/provider/provider.lua:64]: Load config from client	fallback
[16:07:39.729][info] [#0:script/provider/provider.lua:65]: nil
[16:07:39.729][warn] [#0:script/config/loader.lua:116]: No config?	{}
[16:07:39.729][info] [#0:script/provider/provider.lua:64]: Load config from client	fallback
[16:07:39.729][info] [#0:script/provider/provider.lua:65]: nil
[16:07:39.852][info] [#0:script/library.lua:212]: Init builtin library at:	file:///home/ahmed/.dotfiles/nvim/.config/nvim
[16:07:39.877][info] [#0:script/library.lua:212]: Init builtin library at:	nil
[16:07:40.007][info] [#0:script/workspace/workspace.lua:324]: Preload start:	file:///home/ahmed/.dotfiles/nvim/.config/nvim
[16:07:40.028][info] [#0:script/workspace/workspace.lua:330]: Scan files at:	file:///home/ahmed/.dotfiles/nvim/.config/nvim
[16:07:40.029][info] [#0:script/workspace/workspace.lua:324]: Preload start:	<fallback>
[16:07:40.032][info] [#0:script/workspace/workspace.lua:353]: Scan library at:	file:///home/ahmed/.dotfiles/home/.local/share/nvim/mason/packages/lua-language-server/libexec/meta/Lua%205.4%20en-us%20utf8/builtin.lua
[16:07:40.033][info] [#0:script/workspace/workspace.lua:353]: Scan library at:	file:///home/ahmed/.dotfiles/home/.local/share/nvim/mason/packages/lua-language-server/libexec/meta/Lua%205.4%20en-us%20utf8/math.lua
[16:07:40.033][info] [#0:script/workspace/workspace.lua:353]: Scan library at:	file:///home/ahmed/.dotfiles/home/.local/share/nvim/mason/packages/lua-language-server/libexec/meta/Lua%205.4%20en-us%20utf8/io.lua
[16:07:40.034][info] [#0:script/workspace/workspace.lua:353]: Scan library at:	file:///home/ahmed/.dotfiles/home/.local/share/nvim/mason/packages/lua-language-server/libexec/meta/Lua%205.4%20en-us%20utf8/table.lua
[16:07:40.034][info] [#0:script/workspace/workspace.lua:353]: Scan library at:	file:///home/ahmed/.dotfiles/home/.local/share/nvim/mason/packages/lua-language-server/libexec/meta/Lua%205.4%20en-us%20utf8/utf8.lua
[16:07:40.034][info] [#0:script/workspace/workspace.lua:353]: Scan library at:	file:///home/ahmed/.dotfiles/home/.local/share/nvim/mason/packages/lua-language-server/libexec/meta/Lua%205.4%20en-us%20utf8/basic.lua
[16:07:40.035][info] [#0:script/workspace/workspace.lua:353]: Scan library at:	file:///home/ahmed/.dotfiles/home/.local/share/nvim/mason/packages/lua-language-server/libexec/meta/Lua%205.4%20en-us%20utf8/os.lua
[16:07:40.035][info] [#0:script/workspace/workspace.lua:353]: Scan library at:	file:///home/ahmed/.dotfiles/home/.local/share/nvim/mason/packages/lua-language-server/libexec/meta/Lua%205.4%20en-us%20utf8/package.lua
[16:07:40.036][info] [#0:script/workspace/workspace.lua:353]: Scan library at:	file:///home/ahmed/.dotfiles/home/.local/share/nvim/mason/packages/lua-language-server/libexec/meta/LuaJIT%20en-us%20utf8/package.lua
[16:07:40.036][info] [#0:script/workspace/workspace.lua:353]: Scan library at:	file:///home/ahmed/.dotfiles/home/.local/share/nvim/mason/packages/lua-language-server/libexec/meta/Lua%205.4%20en-us%20utf8/debug.lua
[16:07:40.036][info] [#0:script/workspace/workspace.lua:353]: Scan library at:	file:///home/ahmed/.dotfiles/home/.local/share/nvim/mason/packages/lua-language-server/libexec/meta/LuaJIT%20en-us%20utf8/table/clear.lua
[16:07:40.036][info] [#0:script/workspace/workspace.lua:353]: Scan library at:	file:///home/ahmed/.dotfiles/home/.local/share/nvim/mason/packages/lua-language-server/libexec/meta/Lua%205.4%20en-us%20utf8/string.lua
[16:07:40.037][info] [#0:script/workspace/workspace.lua:353]: Scan library at:	file:///home/ahmed/.dotfiles/home/.local/share/nvim/mason/packages/lua-language-server/libexec/meta/LuaJIT%20en-us%20utf8/table/new.lua
[16:07:40.037][info] [#0:script/workspace/workspace.lua:353]: Scan library at:	file:///home/ahmed/.dotfiles/home/.local/share/nvim/mason/packages/lua-language-server/libexec/meta/Lua%205.4%20en-us%20utf8/coroutine.lua
[16:07:40.037][info] [#0:script/workspace/workspace.lua:353]: Scan library at:	file:///home/ahmed/.dotfiles/nvim/.config/nvim/lua
[16:07:40.039][info] [#0:script/workspace/workspace.lua:353]: Scan library at:	file:///home/ahmed/.dotfiles/home/.local/share/nvim/mason/packages/lua-language-server/libexec/meta/LuaJIT%20en-us%20utf8/jit/util.lua
[16:07:40.039][info] [#0:script/workspace/workspace.lua:353]: Scan library at:	file:///home/ahmed/.dotfiles/home/.local/share/nvim/mason/packages/lua-language-server/libexec/meta/LuaJIT%20en-us%20utf8/string.lua
[16:07:40.039][info] [#0:script/workspace/workspace.lua:353]: Scan library at:	file:///home/ahmed/.dotfiles/home/.local/share/nvim/mason/packages/lua-language-server/libexec/meta/LuaJIT%20en-us%20utf8/basic.lua
[16:07:40.039][info] [#0:script/workspace/workspace.lua:353]: Scan library at:	file:///home/ahmed/.dotfiles/home/.local/share/nvim/mason/packages/lua-language-server/libexec/meta/LuaJIT%20en-us%20utf8/io.lua
[16:07:40.040][info] [#0:script/workspace/workspace.lua:353]: Scan library at:	file:///home/ahmed/.dotfiles/home/.local/share/nvim/mason/packages/lua-language-server/libexec/meta/LuaJIT%20en-us%20utf8/jit.lua
[16:07:40.040][info] [#0:script/workspace/workspace.lua:353]: Scan library at:	file:///home/ahmed/.dotfiles/home/.local/share/nvim/mason/packages/lua-language-server/libexec/meta/LuaJIT%20en-us%20utf8/coroutine.lua
[16:07:40.040][info] [#0:script/workspace/workspace.lua:353]: Scan library at:	file:///home/ahmed/.dotfiles/home/.local/share/nvim/mason/packages/lua-language-server/libexec/meta/LuaJIT%20en-us%20utf8/jit/profile.lua
[16:07:40.040][info] [#0:script/workspace/workspace.lua:353]: Scan library at:	file:///home/ahmed/.dotfiles/home/.local/share/nvim/mason/packages/lua-language-server/libexec/meta/LuaJIT%20en-us%20utf8/bit.lua
[16:07:40.041][info] [#0:script/workspace/workspace.lua:353]: Scan library at:	file:///home/ahmed/.dotfiles/home/.local/share/nvim/mason/packages/lua-language-server/libexec/meta/LuaJIT%20en-us%20utf8/math.lua
[16:07:40.041][info] [#0:script/workspace/workspace.lua:353]: Scan library at:	file:///home/ahmed/.dotfiles/home/.local/share/nvim/mason/packages/lua-language-server/libexec/meta/LuaJIT%20en-us%20utf8/string/buffer.lua
[16:07:40.041][info] [#0:script/workspace/workspace.lua:353]: Scan library at:	file:///home/ahmed/.dotfiles/home/.local/share/nvim/mason/packages/lua-language-server/libexec/meta/LuaJIT%20en-us%20utf8/ffi.lua
[16:07:40.041][info] [#0:script/workspace/workspace.lua:353]: Scan library at:	file:///home/ahmed/.dotfiles/home/.local/share/nvim/mason/packages/lua-language-server/libexec/meta/LuaJIT%20en-us%20utf8/os.lua
[16:07:40.042][info] [#0:script/workspace/workspace.lua:353]: Scan library at:	file:///home/ahmed/.dotfiles/home/.local/share/nvim/mason/packages/lua-language-server/libexec/meta/LuaJIT%20en-us%20utf8/table.lua
[16:07:40.042][info] [#0:script/workspace/workspace.lua:353]: Scan library at:	file:///home/ahmed/.dotfiles/home/.local/share/nvim/mason/packages/lua-language-server/libexec/meta/LuaJIT%20en-us%20utf8/builtin.lua
[16:07:40.043][info] [#0:script/workspace/workspace.lua:353]: Scan library at:	file:///home/ahmed/.dotfiles/home/.local/share/nvim/mason/packages/lua-language-server/libexec/meta/LuaJIT%20en-us%20utf8/debug.lua
[16:07:40.043][info] [#0:script/workspace/workspace.lua:353]: Scan library at:	file:///snap/nvim/3042/usr/share/nvim/runtime/lua
[16:07:40.183][info] [#0:script/workspace/workspace.lua:379]: Found 11 files at:	<fallback>
[16:07:40.183][info] [#0:script/workspace/loading.lua:160]: Load files from disk:	<fallback>
[16:07:40.185][info] [#0:script/workspace/workspace.lua:379]: Found 146 files at:	file:///home/ahmed/.dotfiles/nvim/.config/nvim
[16:07:40.185][info] [#0:script/workspace/loading.lua:160]: Load files from disk:	file:///home/ahmed/.dotfiles/nvim/.config/nvim
[16:07:40.191][info] [#0:script/workspace/loading.lua:100]: Preload file at: file:///home/ahmed/.dotfiles/home/.local/share/nvim/mason/packages/lua-language-server/libexec/meta/Lua%205.4%20en-us%20utf8/coroutine.lua , size = 2.590 KB
[16:07:40.202][info] [#0:script/workspace/loading.lua:112]: ++++As library of:	file:///home/ahmed/.dotfiles/home/.local/share/nvim/mason/packages/lua-language-server/libexec/meta/Lua%205.4%20en-us%20utf8/coroutine.lua
[16:07:40.202][info] [#0:script/workspace/loading.lua:100]: Preload file at: file:///home/ahmed/.dotfiles/home/.local/share/nvim/mason/packages/lua-language-server/libexec/meta/Lua%205.4%20en-us%20utf8/string.lua , size = 6.327 KB
[16:07:40.220][info] [#0:script/workspace/loading.lua:112]: ++++As library of:	file:///home/ahmed/.dotfiles/home/.local/share/nvim/mason/packages/lua-language-server/libexec/meta/Lua%205.4%20en-us%20utf8/string.lua
[16:07:40.220][info] [#0:script/workspace/loading.lua:100]: Preload file at: file:///snap/nvim/3042/usr/share/nvim/runtime/lua/coxpcall.lua , size = 3.451 KB
[16:07:40.223][info] [#0:script/workspace/loading.lua:112]: ++++As library of:	file:///snap/nvim/3042/usr/share/nvim/runtime/lua
[16:07:40.223][info] [#0:script/workspace/loading.lua:100]: Preload file at: file:///snap/nvim/3042/usr/share/nvim/runtime/lua/_vim9script.lua , size = 15.418 KB
[16:07:40.240][info] [#0:script/workspace/loading.lua:112]: ++++As library of:	file:///snap/nvim/3042/usr/share/nvim/runtime/lua
[16:07:40.240][info] [#0:script/workspace/loading.lua:100]: Preload file at: file:///home/ahmed/.dotfiles/home/.local/share/nvim/mason/packages/lua-language-server/libexec/meta/Lua%205.4%20en-us%20utf8/debug.lua , size = 7.637 KB
[16:07:40.247][info] [#0:script/workspace/loading.lua:112]: ++++As library of:	file:///home/ahmed/.dotfiles/home/.local/share/nvim/mason/packages/lua-language-server/libexec/meta/Lua%205.4%20en-us%20utf8/debug.lua
[16:07:40.247][info] [#0:script/workspace/loading.lua:100]: Preload file at: file:///home/ahmed/.dotfiles/home/.local/share/nvim/mason/packages/lua-language-server/libexec/meta/Lua%205.4%20en-us%20utf8/package.lua , size = 2.944 KB
[16:07:40.249][info] [#0:script/workspace/loading.lua:112]: ++++As library of:	file:///home/ahmed/.dotfiles/home/.local/share/nvim/mason/packages/lua-language-server/libexec/meta/Lua%205.4%20en-us%20utf8/package.lua
[16:07:40.249][info] [#0:script/workspace/loading.lua:100]: Preload file at: file:///snap/nvim/3042/usr/share/nvim/runtime/lua/jit/bc.lua , size = 5.417 KB
[16:07:40.254][info] [#0:script/workspace/loading.lua:112]: ++++As library of:	file:///snap/nvim/3042/usr/share/nvim/runtime/lua
[16:07:40.254][info] [#0:script/workspace/loading.lua:100]: Preload file at: file:///snap/nvim/3042/usr/share/nvim/runtime/lua/editorconfig.lua , size = 10.443 KB
[16:07:40.262][info] [#0:script/workspace/loading.lua:112]: ++++As library of:	file:///snap/nvim/3042/usr/share/nvim/runtime/lua
[16:07:40.262][info] [#0:script/workspace/loading.lua:100]: Preload file at: file:///home/ahmed/.dotfiles/home/.local/share/nvim/mason/packages/lua-language-server/libexec/meta/Lua%205.4%20en-us%20utf8/os.lua , size = 5.600 KB
[16:07:40.274][info] [#0:script/workspace/loading.lua:112]: ++++As library of:	file:///home/ahmed/.dotfiles/home/.local/share/nvim/mason/packages/lua-language-server/libexec/meta/Lua%205.4%20en-us%20utf8/os.lua
[16:07:40.274][info] [#0:script/workspace/loading.lua:100]: Preload file at: file:///home/ahmed/.dotfiles/home/.local/share/nvim/mason/packages/lua-language-server/libexec/meta/Lua%205.4%20en-us%20utf8/basic.lua , size = 15.631 KB
[16:07:40.285][info] [#0:script/workspace/loading.lua:112]: ++++As library of:	file:///home/ahmed/.dotfiles/home/.local/share/nvim/mason/packages/lua-language-server/libexec/meta/Lua%205.4%20en-us%20utf8/basic.lua
[16:07:40.285][info] [#0:script/workspace/loading.lua:100]: Preload file at: file:///snap/nvim/3042/usr/share/nvim/runtime/lua/jit/bcsave.lua , size = 17.091 KB
[16:07:40.301][info] [#0:script/workspace/loading.lua:112]: ++++As library of:	file:///snap/nvim/3042/usr/share/nvim/runtime/lua
[16:07:40.301][info] [#0:script/workspace/loading.lua:100]: Preload file at: file:///home/ahmed/.dotfiles/home/.local/share/nvim/mason/packages/lua-language-server/libexec/meta/Lua%205.4%20en-us%20utf8/utf8.lua , size = 2.386 KB
[16:07:40.303][info] [#0:script/workspace/loading.lua:112]: ++++As library of:	file:///home/ahmed/.dotfiles/home/.local/share/nvim/mason/packages/lua-language-server/libexec/meta/Lua%205.4%20en-us%20utf8/utf8.lua
[16:07:40.303][info] [#0:script/workspace/loading.lua:100]: Preload file at: file:///snap/nvim/3042/usr/share/nvim/runtime/lua/jit/dis_arm.lua , size = 18.891 KB
[16:07:40.329][info] [#0:script/workspace/loading.lua:112]: ++++As library of:	file:///snap/nvim/3042/usr/share/nvim/runtime/lua
[16:07:40.330][info] [#0:script/workspace/loading.lua:100]: Preload file at: file:///home/ahmed/.dotfiles/home/.local/share/nvim/mason/packages/lua-language-server/libexec/meta/Lua%205.4%20en-us%20utf8/table.lua , size = 4.235 KB
[16:07:40.333][info] [#0:script/workspace/loading.lua:112]: ++++As library of:	file:///home/ahmed/.dotfiles/home/.local/share/nvim/mason/packages/lua-language-server/libexec/meta/Lua%205.4%20en-us%20utf8/table.lua
[16:07:40.333][info] [#0:script/workspace/loading.lua:100]: Preload file at: file:///snap/nvim/3042/usr/share/nvim/runtime/lua/jit/dis_arm64.lua , size = 29.441 KB
[16:07:40.361][info] [#0:script/workspace/loading.lua:112]: ++++As library of:	file:///snap/nvim/3042/usr/share/nvim/runtime/lua
[16:07:40.361][info] [#0:script/workspace/loading.lua:100]: Preload file at: file:///snap/nvim/3042/usr/share/nvim/runtime/lua/jit/dis_arm64be.lua , size = 0.604 KB
[16:07:40.362][info] [#0:script/workspace/loading.lua:112]: ++++As library of:	file:///snap/nvim/3042/usr/share/nvim/runtime/lua
[16:07:40.362][info] [#0:script/workspace/loading.lua:100]: Preload file at: file:///home/ahmed/.dotfiles/home/.local/share/nvim/mason/packages/lua-language-server/libexec/meta/Lua%205.4%20en-us%20utf8/io.lua , size = 6.364 KB
[16:07:40.369][info] [#0:script/workspace/loading.lua:112]: ++++As library of:	file:///home/ahmed/.dotfiles/home/.local/share/nvim/mason/packages/lua-language-server/libexec/meta/Lua%205.4%20en-us%20utf8/io.lua
[16:07:40.369][info] [#0:script/workspace/loading.lua:100]: Preload file at: file:///home/ahmed/.dotfiles/home/.local/share/nvim/mason/packages/lua-language-server/libexec/meta/Lua%205.4%20en-us%20utf8/math.lua , size = 8.509 KB
[16:07:40.387][info] [#0:script/workspace/loading.lua:112]: ++++As library of:	file:///home/ahmed/.dotfiles/home/.local/share/nvim/mason/packages/lua-language-server/libexec/meta/Lua%205.4%20en-us%20utf8/math.lua
[16:07:40.387][info] [#0:script/workspace/loading.lua:100]: Preload file at: file:///snap/nvim/3042/usr/share/nvim/runtime/lua/jit/dis_mips64.lua , size = 0.689 KB
[16:07:40.387][info] [#0:script/workspace/loading.lua:112]: ++++As library of:	file:///snap/nvim/3042/usr/share/nvim/runtime/lua
[16:07:40.387][info] [#0:script/workspace/loading.lua:100]: Preload file at: file:///snap/nvim/3042/usr/share/nvim/runtime/lua/jit/dis_mips.lua , size = 21.494 KB
[16:07:40.405][info] [#0:script/workspace/loading.lua:112]: ++++As library of:	file:///snap/nvim/3042/usr/share/nvim/runtime/lua
[16:07:40.405][info] [#0:script/workspace/loading.lua:100]: Preload file at: file:///home/ahmed/.dotfiles/home/.local/share/nvim/mason/packages/lua-language-server/libexec/meta/Lua%205.4%20en-us%20utf8/builtin.lua , size = 0.302 KB
[16:07:40.406][info] [#0:script/workspace/loading.lua:112]: ++++As library of:	file:///home/ahmed/.dotfiles/home/.local/share/nvim/mason/packages/lua-language-server/libexec/meta/Lua%205.4%20en-us%20utf8/builtin.lua
[16:07:40.406][info] [#0:script/workspace/loading.lua:172]: Loaded files takes [0.234] sec: <fallback>
[16:07:40.406][info] [#0:script/workspace/loading.lua:181]: Compile files takes [0.000] sec: <fallback>
[16:07:40.406][info] [#0:script/workspace/loading.lua:182]: Loaded finish:	<fallback>
[16:07:40.406][info] [#0:script/workspace/workspace.lua:381]: Preload finish at:	<fallback>
[16:07:40.411][info] [#0:script/workspace/loading.lua:100]: Preload file at: file:///snap/nvim/3042/usr/share/nvim/runtime/lua/jit/dis_mips64el.lua , size = 0.700 KB
[16:07:40.412][info] [#0:script/workspace/loading.lua:112]: ++++As library of:	file:///snap/nvim/3042/usr/share/nvim/runtime/lua
[16:07:40.413][info] [#0:script/workspace/loading.lua:100]: Preload file at: file:///snap/nvim/3042/usr/share/nvim/runtime/lua/jit/dis_mips64r6.lua , size = 0.700 KB
[16:07:40.413][info] [#0:script/workspace/loading.lua:112]: ++++As library of:	file:///snap/nvim/3042/usr/share/nvim/runtime/lua
[16:07:40.413][info] [#0:script/workspace/loading.lua:100]: Preload file at: file:///snap/nvim/3042/usr/share/nvim/runtime/lua/jit/dis_mips64r6el.lua , size = 0.711 KB
[16:07:40.414][info] [#0:script/workspace/loading.lua:112]: ++++As library of:	file:///snap/nvim/3042/usr/share/nvim/runtime/lua
[16:07:40.414][info] [#0:script/workspace/loading.lua:100]: Preload file at: file:///snap/nvim/3042/usr/share/nvim/runtime/lua/jit/dis_mipsel.lua , size = 0.698 KB
[16:07:40.415][info] [#0:script/workspace/loading.lua:112]: ++++As library of:	file:///snap/nvim/3042/usr/share/nvim/runtime/lua
[16:07:40.415][info] [#0:script/workspace/loading.lua:100]: Preload file at: file:///snap/nvim/3042/usr/share/nvim/runtime/lua/jit/dis_ppc.lua , size = 19.825 KB
[16:07:40.431][info] [#0:script/workspace/loading.lua:112]: ++++As library of:	file:///snap/nvim/3042/usr/share/nvim/runtime/lua
[16:07:40.431][info] [#0:script/workspace/loading.lua:100]: Preload file at: file:///snap/nvim/3042/usr/share/nvim/runtime/lua/jit/dis_x64.lua , size = 0.695 KB
[16:07:40.432][info] [#0:script/workspace/loading.lua:112]: ++++As library of:	file:///snap/nvim/3042/usr/share/nvim/runtime/lua
[16:07:40.433][info] [#0:script/workspace/loading.lua:100]: Preload file at: file:///snap/nvim/3042/usr/share/nvim/runtime/lua/jit/dis_x86.lua , size = 33.033 KB
[16:07:40.466][info] [#0:script/workspace/loading.lua:112]: ++++As library of:	file:///snap/nvim/3042/usr/share/nvim/runtime/lua
[16:07:40.466][info] [#0:script/workspace/loading.lua:100]: Preload file at: file:///snap/nvim/3042/usr/share/nvim/runtime/lua/jit/dump.lua , size = 20.269 KB
[16:07:40.506][info] [#0:script/workspace/loading.lua:112]: ++++As library of:	file:///snap/nvim/3042/usr/share/nvim/runtime/lua
[16:07:40.506][info] [#0:script/workspace/loading.lua:100]: Preload file at: file:///snap/nvim/3042/usr/share/nvim/runtime/lua/jit/p.lua , size = 8.891 KB
[16:07:40.514][info] [#0:script/workspace/loading.lua:112]: ++++As library of:	file:///snap/nvim/3042/usr/share/nvim/runtime/lua
[16:07:40.515][info] [#0:script/workspace/loading.lua:100]: Preload file at: file:///snap/nvim/3042/usr/share/nvim/runtime/lua/jit/v.lua , size = 5.731 KB
[16:07:40.519][info] [#0:script/workspace/loading.lua:112]: ++++As library of:	file:///snap/nvim/3042/usr/share/nvim/runtime/lua
[16:07:40.519][info] [#0:script/workspace/loading.lua:100]: Preload file at: file:///snap/nvim/3042/usr/share/nvim/runtime/lua/jit/vmdef.lua , size = 7.920 KB
[16:07:40.522][info] [#0:script/workspace/loading.lua:112]: ++++As library of:	file:///snap/nvim/3042/usr/share/nvim/runtime/lua
[16:07:40.523][info] [#0:script/workspace/loading.lua:100]: Preload file at: file:///snap/nvim/3042/usr/share/nvim/runtime/lua/jit/zone.lua , size = 0.979 KB
[16:07:40.524][info] [#0:script/workspace/loading.lua:112]: ++++As library of:	file:///snap/nvim/3042/usr/share/nvim/runtime/lua
[16:07:40.524][info] [#0:script/workspace/loading.lua:100]: Preload file at: file:///snap/nvim/3042/usr/share/nvim/runtime/lua/man.lua , size = 23.687 KB
[16:07:40.543][info] [#0:script/workspace/loading.lua:112]: ++++As library of:	file:///snap/nvim/3042/usr/share/nvim/runtime/lua
[16:07:40.543][info] [#0:script/workspace/loading.lua:100]: Preload file at: file:///snap/nvim/3042/usr/share/nvim/runtime/lua/nvim/health.lua , size = 12.509 KB
[16:07:40.553][info] [#0:script/workspace/loading.lua:112]: ++++As library of:	file:///snap/nvim/3042/usr/share/nvim/runtime/lua
[16:07:40.554][info] [#0:script/workspace/loading.lua:100]: Preload file at: file:///snap/nvim/3042/usr/share/nvim/runtime/lua/provider/clipboard/health.lua , size = 1.151 KB
[16:07:40.555][info] [#0:script/workspace/loading.lua:112]: ++++As library of:	file:///snap/nvim/3042/usr/share/nvim/runtime/lua
[16:07:40.555][info] [#0:script/workspace/loading.lua:100]: Preload file at: file:///snap/nvim/3042/usr/share/nvim/runtime/lua/provider/node/health.lua , size = 3.375 KB
[16:07:40.558][info] [#0:script/workspace/loading.lua:112]: ++++As library of:	file:///snap/nvim/3042/usr/share/nvim/runtime/lua
[16:07:40.558][info] [#0:script/workspace/loading.lua:100]: Preload file at: file:///snap/nvim/3042/usr/share/nvim/runtime/lua/provider/perl/health.lua , size = 2.752 KB
[16:07:40.560][info] [#0:script/workspace/loading.lua:112]: ++++As library of:	file:///snap/nvim/3042/usr/share/nvim/runtime/lua
[16:07:40.561][info] [#0:script/workspace/loading.lua:100]: Preload file at: file:///snap/nvim/3042/usr/share/nvim/runtime/lua/provider/python/health.lua , size = 16.369 KB
[16:07:40.573][info] [#0:script/workspace/loading.lua:112]: ++++As library of:	file:///snap/nvim/3042/usr/share/nvim/runtime/lua
[16:07:40.574][info] [#0:script/workspace/loading.lua:100]: Preload file at: file:///snap/nvim/3042/usr/share/nvim/runtime/lua/provider/ruby/health.lua , size = 2.211 KB
[16:07:40.576][info] [#0:script/workspace/loading.lua:112]: ++++As library of:	file:///snap/nvim/3042/usr/share/nvim/runtime/lua
[16:07:40.576][info] [#0:script/workspace/loading.lua:100]: Preload file at: file:///snap/nvim/3042/usr/share/nvim/runtime/lua/tohtml.lua , size = 42.432 KB
[16:07:40.623][info] [#0:script/workspace/loading.lua:112]: ++++As library of:	file:///snap/nvim/3042/usr/share/nvim/runtime/lua
[16:07:40.624][info] [#0:script/workspace/loading.lua:100]: Preload file at: file:///snap/nvim/3042/usr/share/nvim/runtime/lua/vim/F.lua , size = 1.076 KB
[16:07:40.626][info] [#0:script/workspace/loading.lua:112]: ++++As library of:	file:///snap/nvim/3042/usr/share/nvim/runtime/lua
[16:07:40.626][info] [#0:script/workspace/loading.lua:100]: Preload file at: file:///snap/nvim/3042/usr/share/nvim/runtime/lua/vim/_comment.lua , size = 8.743 KB
[16:07:40.639][info] [#0:script/workspace/loading.lua:112]: ++++As library of:	file:///snap/nvim/3042/usr/share/nvim/runtime/lua
[16:07:40.640][info] [#0:script/workspace/loading.lua:100]: Preload file at: file:///snap/nvim/3042/usr/share/nvim/runtime/lua/vim/_defaults.lua , size = 18.695 KB
[16:07:40.679][info] [#0:script/workspace/loading.lua:112]: ++++As library of:	file:///snap/nvim/3042/usr/share/nvim/runtime/lua
[16:07:40.680][info] [#0:script/workspace/loading.lua:100]: Preload file at: file:///snap/nvim/3042/usr/share/nvim/runtime/lua/vim/_editor.lua , size = 34.328 KB
[16:07:40.707][info] [#0:script/workspace/loading.lua:112]: ++++As library of:	file:///snap/nvim/3042/usr/share/nvim/runtime/lua
[16:07:40.707][info] [#0:script/workspace/loading.lua:100]: Preload file at: file:///snap/nvim/3042/usr/share/nvim/runtime/lua/vim/_init_packages.lua , size = 3.023 KB
[16:07:40.710][info] [#0:script/workspace/loading.lua:112]: ++++As library of:	file:///snap/nvim/3042/usr/share/nvim/runtime/lua
[16:07:40.710][info] [#0:script/workspace/loading.lua:100]: Preload file at: file:///snap/nvim/3042/usr/share/nvim/runtime/lua/vim/_inspector.lua , size = 7.494 KB
[16:07:40.717][info] [#0:script/workspace/loading.lua:112]: ++++As library of:	file:///snap/nvim/3042/usr/share/nvim/runtime/lua
[16:07:40.718][info] [#0:script/workspace/loading.lua:100]: Preload file at: file:///snap/nvim/3042/usr/share/nvim/runtime/lua/vim/_meta/api_keysets.lua , size = 8.292 KB
[16:07:40.727][info] [#0:script/workspace/loading.lua:112]: ++++As library of:	file:///snap/nvim/3042/usr/share/nvim/runtime/lua
[16:07:40.728][info] [#0:script/workspace/loading.lua:100]: Preload file at: file:///snap/nvim/3042/usr/share/nvim/runtime/lua/vim/_meta/api.lua , size = 97.321 KB
[16:07:40.786][info] [#0:script/workspace/loading.lua:112]: ++++As library of:	file:///snap/nvim/3042/usr/share/nvim/runtime/lua
[16:07:40.786][info] [#0:script/workspace/loading.lua:100]: Preload file at: file:///snap/nvim/3042/usr/share/nvim/runtime/lua/vim/_meta/api_keysets_extra.lua , size = 4.535 KB
[16:07:40.791][info] [#0:script/workspace/loading.lua:112]: ++++As library of:	file:///snap/nvim/3042/usr/share/nvim/runtime/lua
[16:07:40.791][info] [#0:script/workspace/loading.lua:100]: Preload file at: file:///snap/nvim/3042/usr/share/nvim/runtime/lua/vim/_meta/base64.lua , size = 0.307 KB
[16:07:40.792][info] [#0:script/workspace/loading.lua:112]: ++++As library of:	file:///snap/nvim/3042/usr/share/nvim/runtime/lua
[16:07:40.792][info] [#0:script/workspace/loading.lua:100]: Preload file at: file:///snap/nvim/3042/usr/share/nvim/runtime/lua/vim/_meta/builtin.lua , size = 11.183 KB
[16:07:40.798][info] [#0:script/workspace/loading.lua:112]: ++++As library of:	file:///snap/nvim/3042/usr/share/nvim/runtime/lua
[16:07:40.798][info] [#0:script/workspace/loading.lua:100]: Preload file at: file:///snap/nvim/3042/usr/share/nvim/runtime/lua/vim/_meta/builtin_types.lua , size = 3.362 KB
[16:07:40.802][info] [#0:script/workspace/loading.lua:112]: ++++As library of:	file:///snap/nvim/3042/usr/share/nvim/runtime/lua
[16:07:40.802][info] [#0:script/workspace/loading.lua:100]: Preload file at: file:///snap/nvim/3042/usr/share/nvim/runtime/lua/vim/_meta/diff.lua , size = 2.492 KB
[16:07:40.804][info] [#0:script/workspace/loading.lua:112]: ++++As library of:	file:///snap/nvim/3042/usr/share/nvim/runtime/lua
[16:07:40.805][info] [#0:script/workspace/loading.lua:100]: Preload file at: file:///snap/nvim/3042/usr/share/nvim/runtime/lua/vim/_meta/json.lua , size = 1.359 KB
[16:07:40.807][info] [#0:script/workspace/loading.lua:112]: ++++As library of:	file:///snap/nvim/3042/usr/share/nvim/runtime/lua
[16:07:40.807][info] [#0:script/workspace/loading.lua:100]: Preload file at: file:///snap/nvim/3042/usr/share/nvim/runtime/lua/vim/_meta/lpeg.lua , size = 15.348 KB
[16:07:40.814][info] [#0:script/workspace/loading.lua:112]: ++++As library of:	file:///snap/nvim/3042/usr/share/nvim/runtime/lua
[16:07:40.815][info] [#0:script/workspace/loading.lua:100]: Preload file at: file:///snap/nvim/3042/usr/share/nvim/runtime/lua/vim/_meta/misc.lua , size = 0.291 KB
[16:07:40.816][info] [#0:script/workspace/loading.lua:112]: ++++As library of:	file:///snap/nvim/3042/usr/share/nvim/runtime/lua
[16:07:40.816][info] [#0:script/workspace/loading.lua:100]: Preload file at: file:///snap/nvim/3042/usr/share/nvim/runtime/lua/vim/_meta/mpack.lua , size = 0.478 KB
[16:07:40.818][info] [#0:script/workspace/loading.lua:112]: ++++As library of:	file:///snap/nvim/3042/usr/share/nvim/runtime/lua
[16:07:40.819][info] [#0:script/workspace/loading.lua:100]: Preload file at: file:///snap/nvim/3042/usr/share/nvim/runtime/lua/vim/_meta/re.lua , size = 2.217 KB
[16:07:40.822][info] [#0:script/workspace/loading.lua:112]: ++++As library of:	file:///snap/nvim/3042/usr/share/nvim/runtime/lua
[16:07:40.822][info] [#0:script/workspace/loading.lua:100]: Preload file at: file:///snap/nvim/3042/usr/share/nvim/runtime/lua/vim/_meta/regex.lua , size = 1.347 KB
[16:07:40.824][info] [#0:script/workspace/loading.lua:112]: ++++As library of:	file:///snap/nvim/3042/usr/share/nvim/runtime/lua
[16:07:40.824][info] [#0:script/workspace/loading.lua:100]: Preload file at: file:///snap/nvim/3042/usr/share/nvim/runtime/lua/vim/_meta/spell.lua , size = 0.943 KB
[16:07:40.825][info] [#0:script/workspace/loading.lua:112]: ++++As library of:	file:///snap/nvim/3042/usr/share/nvim/runtime/lua
[16:07:40.825][info] [#0:script/workspace/loading.lua:100]: Preload file at: file:///snap/nvim/3042/usr/share/nvim/runtime/lua/vim/_meta/options.lua , size = 323.972 KB
[16:07:40.937][warn] [#0:script/files.lua:704]: Compile [file:///snap/nvim/3042/usr/share/nvim/runtime/lua/vim/_meta/options.lua] takes [0.110] sec, size [331.747] kb.
[16:07:41.025][info] [#0:script/workspace/loading.lua:112]: ++++As library of:	file:///snap/nvim/3042/usr/share/nvim/runtime/lua
[16:07:41.026][info] [#0:script/workspace/loading.lua:100]: Preload file at: file:///snap/nvim/3042/usr/share/nvim/runtime/lua/vim/_meta/vvars.lua , size = 25.272 KB
[16:07:41.040][info] [#0:script/workspace/loading.lua:112]: ++++As library of:	file:///snap/nvim/3042/usr/share/nvim/runtime/lua
[16:07:41.040][info] [#0:script/workspace/loading.lua:100]: Preload file at: file:///snap/nvim/3042/usr/share/nvim/runtime/lua/vim/_meta.lua , size = 0.977 KB
[16:07:41.042][info] [#0:script/workspace/loading.lua:112]: ++++As library of:	file:///snap/nvim/3042/usr/share/nvim/runtime/lua
[16:07:41.043][info] [#0:script/workspace/loading.lua:100]: Preload file at: file:///snap/nvim/3042/usr/share/nvim/runtime/lua/vim/_meta/vimfn.lua , size = 398.838 KB
[16:07:41.150][warn] [#0:script/files.lua:704]: Compile [file:///snap/nvim/3042/usr/share/nvim/runtime/lua/vim/_meta/vimfn.lua] takes [0.106] sec, size [408.410] kb.
[16:07:41.253][warn] [#0:script/files.lua:556]: Parse LuaDoc of [file:///snap/nvim/3042/usr/share/nvim/runtime/lua/vim/_meta/vimfn.lua] takes [0.101] sec, size [408.410] kb.
[16:07:41.284][info] [#0:script/workspace/loading.lua:112]: ++++As library of:	file:///snap/nvim/3042/usr/share/nvim/runtime/lua
[16:07:41.291][info] [#0:script/workspace/loading.lua:100]: Preload file at: file:///snap/nvim/3042/usr/share/nvim/runtime/lua/vim/_options.lua , size = 25.519 KB
[16:07:41.310][info] [#0:script/workspace/loading.lua:112]: ++++As library of:	file:///snap/nvim/3042/usr/share/nvim/runtime/lua
[16:07:41.310][info] [#0:script/workspace/loading.lua:100]: Preload file at: file:///snap/nvim/3042/usr/share/nvim/runtime/lua/vim/_system.lua , size = 9.135 KB
[16:07:41.322][info] [#0:script/workspace/loading.lua:112]: ++++As library of:	file:///snap/nvim/3042/usr/share/nvim/runtime/lua
[16:07:41.322][info] [#0:script/workspace/loading.lua:100]: Preload file at: file:///snap/nvim/3042/usr/share/nvim/runtime/lua/vim/_watch.lua , size = 8.901 KB
[16:07:41.331][info] [#0:script/workspace/loading.lua:112]: ++++As library of:	file:///snap/nvim/3042/usr/share/nvim/runtime/lua
[16:07:41.332][info] [#0:script/workspace/loading.lua:100]: Preload file at: file:///snap/nvim/3042/usr/share/nvim/runtime/lua/vim/diagnostic.lua , size = 69.172 KB
[16:07:41.396][info] [#0:script/workspace/loading.lua:112]: ++++As library of:	file:///snap/nvim/3042/usr/share/nvim/runtime/lua
[16:07:41.396][info] [#0:script/workspace/loading.lua:100]: Preload file at: file:///snap/nvim/3042/usr/share/nvim/runtime/lua/vim/filetype/detect.lua , size = 57.151 KB
[16:07:41.445][info] [#0:script/workspace/loading.lua:112]: ++++As library of:	file:///snap/nvim/3042/usr/share/nvim/runtime/lua
[16:07:41.448][info] [#0:script/workspace/loading.lua:100]: Preload file at: file:///snap/nvim/3042/usr/share/nvim/runtime/lua/vim/filetype/options.lua , size = 2.559 KB
[16:07:41.451][info] [#0:script/workspace/loading.lua:112]: ++++As library of:	file:///snap/nvim/3042/usr/share/nvim/runtime/lua
[16:07:41.452][info] [#0:script/workspace/loading.lua:100]: Preload file at: file:///snap/nvim/3042/usr/share/nvim/runtime/lua/vim/filetype.lua , size = 68.524 KB
[16:07:41.506][info] [#0:script/workspace/loading.lua:112]: ++++As library of:	file:///snap/nvim/3042/usr/share/nvim/runtime/lua
[16:07:41.506][info] [#0:script/workspace/loading.lua:100]: Preload file at: file:///snap/nvim/3042/usr/share/nvim/runtime/lua/vim/fs.lua , size = 18.719 KB
[16:07:41.520][info] [#0:script/workspace/loading.lua:112]: ++++As library of:	file:///snap/nvim/3042/usr/share/nvim/runtime/lua
[16:07:41.522][info] [#0:script/workspace/loading.lua:100]: Preload file at: file:///snap/nvim/3042/usr/share/nvim/runtime/lua/vim/func/_memoize.lua , size = 1.354 KB
[16:07:41.524][info] [#0:script/workspace/loading.lua:112]: ++++As library of:	file:///snap/nvim/3042/usr/share/nvim/runtime/lua
[16:07:41.525][info] [#0:script/workspace/loading.lua:100]: Preload file at: file:///snap/nvim/3042/usr/share/nvim/runtime/lua/vim/func.lua , size = 1.753 KB
[16:07:41.527][info] [#0:script/workspace/loading.lua:112]: ++++As library of:	file:///snap/nvim/3042/usr/share/nvim/runtime/lua
[16:07:41.527][info] [#0:script/workspace/loading.lua:100]: Preload file at: file:///snap/nvim/3042/usr/share/nvim/runtime/lua/vim/glob.lua , size = 3.001 KB
[16:07:41.531][info] [#0:script/workspace/loading.lua:112]: ++++As library of:	file:///snap/nvim/3042/usr/share/nvim/runtime/lua
[16:07:41.531][info] [#0:script/workspace/loading.lua:100]: Preload file at: file:///snap/nvim/3042/usr/share/nvim/runtime/lua/vim/health.lua , size = 12.684 KB
[16:07:41.545][info] [#0:script/workspace/loading.lua:112]: ++++As library of:	file:///snap/nvim/3042/usr/share/nvim/runtime/lua
[16:07:41.546][info] [#0:script/workspace/loading.lua:100]: Preload file at: file:///snap/nvim/3042/usr/share/nvim/runtime/lua/vim/highlight.lua , size = 4.526 KB
[16:07:41.551][info] [#0:script/workspace/loading.lua:112]: ++++As library of:	file:///snap/nvim/3042/usr/share/nvim/runtime/lua
[16:07:41.551][info] [#0:script/workspace/loading.lua:100]: Preload file at: file:///snap/nvim/3042/usr/share/nvim/runtime/lua/vim/inspect.lua , size = 8.864 KB
[16:07:41.560][info] [#0:script/workspace/loading.lua:112]: ++++As library of:	file:///snap/nvim/3042/usr/share/nvim/runtime/lua
[16:07:41.562][info] [#0:script/workspace/loading.lua:100]: Preload file at: file:///snap/nvim/3042/usr/share/nvim/runtime/lua/vim/iter.lua , size = 25.504 KB
[16:07:41.586][info] [#0:script/workspace/loading.lua:112]: ++++As library of:	file:///snap/nvim/3042/usr/share/nvim/runtime/lua
[16:07:41.586][info] [#0:script/workspace/loading.lua:100]: Preload file at: file:///snap/nvim/3042/usr/share/nvim/runtime/lua/vim/keymap.lua , size = 3.682 KB
[16:07:41.590][info] [#0:script/workspace/loading.lua:112]: ++++As library of:	file:///snap/nvim/3042/usr/share/nvim/runtime/lua
[16:07:41.590][info] [#0:script/workspace/loading.lua:100]: Preload file at: file:///snap/nvim/3042/usr/share/nvim/runtime/lua/vim/loader.lua , size = 15.741 KB
[16:07:41.680][info] [#0:script/workspace/loading.lua:112]: ++++As library of:	file:///snap/nvim/3042/usr/share/nvim/runtime/lua
[16:07:41.681][info] [#0:script/workspace/loading.lua:100]: Preload file at: file:///snap/nvim/3042/usr/share/nvim/runtime/lua/vim/lsp/_changetracking.lua , size = 11.492 KB
[16:07:41.691][info] [#0:script/workspace/loading.lua:112]: ++++As library of:	file:///snap/nvim/3042/usr/share/nvim/runtime/lua
[16:07:41.692][info] [#0:script/workspace/loading.lua:100]: Preload file at: file:///snap/nvim/3042/usr/share/nvim/runtime/lua/vim/lsp/_completion.lua , size = 8.965 KB
[16:07:41.700][info] [#0:script/workspace/loading.lua:112]: ++++As library of:	file:///snap/nvim/3042/usr/share/nvim/runtime/lua
[16:07:41.701][info] [#0:script/workspace/loading.lua:100]: Preload file at: file:///snap/nvim/3042/usr/share/nvim/runtime/lua/vim/lsp/_dynamic.lua , size = 2.973 KB
[16:07:41.705][info] [#0:script/workspace/loading.lua:112]: ++++As library of:	file:///snap/nvim/3042/usr/share/nvim/runtime/lua
[16:07:41.706][info] [#0:script/workspace/loading.lua:100]: Preload file at: file:///snap/nvim/3042/usr/share/nvim/runtime/lua/vim/lsp/_meta/protocol.lua , size = 175.343 KB
[16:07:41.799][info] [#0:script/workspace/loading.lua:112]: ++++As library of:	file:///snap/nvim/3042/usr/share/nvim/runtime/lua
[16:07:41.801][info] [#0:script/workspace/loading.lua:100]: Preload file at: file:///snap/nvim/3042/usr/share/nvim/runtime/lua/vim/lsp/_meta.lua , size = 0.440 KB
[16:07:41.802][info] [#0:script/workspace/loading.lua:112]: ++++As library of:	file:///snap/nvim/3042/usr/share/nvim/runtime/lua
[16:07:41.802][info] [#0:script/workspace/loading.lua:100]: Preload file at: file:///snap/nvim/3042/usr/share/nvim/runtime/lua/vim/lsp/_snippet_grammar.lua , size = 6.179 KB
[16:07:41.809][info] [#0:script/workspace/loading.lua:112]: ++++As library of:	file:///snap/nvim/3042/usr/share/nvim/runtime/lua
[16:07:41.809][info] [#0:script/workspace/loading.lua:100]: Preload file at: file:///snap/nvim/3042/usr/share/nvim/runtime/lua/vim/lsp/_tagfunc.lua , size = 2.787 KB
[16:07:41.812][info] [#0:script/workspace/loading.lua:112]: ++++As library of:	file:///snap/nvim/3042/usr/share/nvim/runtime/lua
[16:07:41.813][info] [#0:script/workspace/loading.lua:100]: Preload file at: file:///snap/nvim/3042/usr/share/nvim/runtime/lua/vim/lsp/_watchfiles.lua , size = 6.889 KB
[16:07:41.818][info] [#0:script/workspace/loading.lua:112]: ++++As library of:	file:///snap/nvim/3042/usr/share/nvim/runtime/lua
[16:07:41.819][info] [#0:script/workspace/loading.lua:100]: Preload file at: file:///snap/nvim/3042/usr/share/nvim/runtime/lua/vim/lsp/buf.lua , size = 31.091 KB
[16:07:41.844][info] [#0:script/workspace/loading.lua:112]: ++++As library of:	file:///snap/nvim/3042/usr/share/nvim/runtime/lua
[16:07:41.846][info] [#0:script/workspace/loading.lua:100]: Preload file at: file:///snap/nvim/3042/usr/share/nvim/runtime/lua/vim/lsp/client.lua , size = 38.013 KB
[16:07:41.877][info] [#0:script/workspace/loading.lua:112]: ++++As library of:	file:///snap/nvim/3042/usr/share/nvim/runtime/lua
[16:07:41.878][info] [#0:script/workspace/loading.lua:100]: Preload file at: file:///snap/nvim/3042/usr/share/nvim/runtime/lua/vim/lsp/codelens.lua , size = 9.336 KB
[16:07:41.887][info] [#0:script/workspace/loading.lua:112]: ++++As library of:	file:///snap/nvim/3042/usr/share/nvim/runtime/lua
[16:07:41.887][info] [#0:script/workspace/loading.lua:100]: Preload file at: file:///snap/nvim/3042/usr/share/nvim/runtime/lua/vim/lsp/diagnostic.lua , size = 13.852 KB
[16:07:41.899][info] [#0:script/workspace/loading.lua:112]: ++++As library of:	file:///snap/nvim/3042/usr/share/nvim/runtime/lua
[16:07:41.900][info] [#0:script/workspace/loading.lua:100]: Preload file at: file:///snap/nvim/3042/usr/share/nvim/runtime/lua/vim/lsp/handlers.lua , size = 26.781 KB
[16:07:41.923][info] [#0:script/workspace/loading.lua:112]: ++++As library of:	file:///snap/nvim/3042/usr/share/nvim/runtime/lua
[16:07:41.923][info] [#0:script/workspace/loading.lua:100]: Preload file at: file:///snap/nvim/3042/usr/share/nvim/runtime/lua/vim/lsp/health.lua , size = 5.398 KB
[16:07:41.928][info] [#0:script/workspace/loading.lua:112]: ++++As library of:	file:///snap/nvim/3042/usr/share/nvim/runtime/lua
[16:07:41.928][info] [#0:script/workspace/loading.lua:100]: Preload file at: file:///snap/nvim/3042/usr/share/nvim/runtime/lua/vim/lsp/inlay_hint.lua , size = 12.172 KB
[16:07:41.942][info] [#0:script/workspace/loading.lua:112]: ++++As library of:	file:///snap/nvim/3042/usr/share/nvim/runtime/lua
[16:07:41.942][info] [#0:script/workspace/loading.lua:100]: Preload file at: file:///snap/nvim/3042/usr/share/nvim/runtime/lua/vim/lsp/log.lua , size = 4.673 KB
[16:07:41.947][info] [#0:script/workspace/loading.lua:112]: ++++As library of:	file:///snap/nvim/3042/usr/share/nvim/runtime/lua
[16:07:41.947][info] [#0:script/workspace/loading.lua:100]: Preload file at: file:///snap/nvim/3042/usr/share/nvim/runtime/lua/vim/lsp/protocol.lua , size = 48.943 KB
[16:07:41.964][info] [#0:script/workspace/loading.lua:112]: ++++As library of:	file:///snap/nvim/3042/usr/share/nvim/runtime/lua
[16:07:41.965][info] [#0:script/workspace/loading.lua:100]: Preload file at: file:///snap/nvim/3042/usr/share/nvim/runtime/lua/vim/lsp/rpc.lua , size = 25.991 KB
[16:07:41.987][info] [#0:script/workspace/loading.lua:112]: ++++As library of:	file:///snap/nvim/3042/usr/share/nvim/runtime/lua
[16:07:41.988][info] [#0:script/workspace/loading.lua:100]: Preload file at: file:///snap/nvim/3042/usr/share/nvim/runtime/lua/vim/lsp/semantic_tokens.lua , size = 26.267 KB
[16:07:42.007][info] [#0:script/workspace/loading.lua:112]: ++++As library of:	file:///snap/nvim/3042/usr/share/nvim/runtime/lua
[16:07:42.007][info] [#0:script/workspace/loading.lua:100]: Preload file at: file:///snap/nvim/3042/usr/share/nvim/runtime/lua/vim/lsp/sync.lua , size = 16.226 KB
[16:07:42.018][info] [#0:script/workspace/loading.lua:112]: ++++As library of:	file:///snap/nvim/3042/usr/share/nvim/runtime/lua
[16:07:42.018][info] [#0:script/workspace/loading.lua:100]: Preload file at: file:///snap/nvim/3042/usr/share/nvim/runtime/lua/vim/lsp/util.lua , size = 77.017 KB
[16:07:42.087][info] [#0:script/workspace/loading.lua:112]: ++++As library of:	file:///snap/nvim/3042/usr/share/nvim/runtime/lua
[16:07:42.087][info] [#0:script/workspace/loading.lua:100]: Preload file at: file:///snap/nvim/3042/usr/share/nvim/runtime/lua/vim/lsp.lua , size = 40.430 KB
[16:07:42.121][info] [#0:script/workspace/loading.lua:112]: ++++As library of:	file:///snap/nvim/3042/usr/share/nvim/runtime/lua
[16:07:42.121][info] [#0:script/workspace/loading.lua:100]: Preload file at: file:///snap/nvim/3042/usr/share/nvim/runtime/lua/vim/provider/perl.lua , size = 1.998 KB
[16:07:42.124][info] [#0:script/workspace/loading.lua:112]: ++++As library of:	file:///snap/nvim/3042/usr/share/nvim/runtime/lua
[16:07:42.125][info] [#0:script/workspace/loading.lua:100]: Preload file at: file:///snap/nvim/3042/usr/share/nvim/runtime/lua/vim/provider/python.lua , size = 4.224 KB
[16:07:42.129][info] [#0:script/workspace/loading.lua:112]: ++++As library of:	file:///snap/nvim/3042/usr/share/nvim/runtime/lua
[16:07:42.129][info] [#0:script/workspace/loading.lua:100]: Preload file at: file:///snap/nvim/3042/usr/share/nvim/runtime/lua/vim/provider/ruby.lua , size = 1.563 KB
[16:07:42.131][info] [#0:script/workspace/loading.lua:112]: ++++As library of:	file:///snap/nvim/3042/usr/share/nvim/runtime/lua
[16:07:42.132][info] [#0:script/workspace/loading.lua:100]: Preload file at: file:///snap/nvim/3042/usr/share/nvim/runtime/lua/vim/provider.lua , size = 0.197 KB
[16:07:42.133][info] [#0:script/workspace/loading.lua:112]: ++++As library of:	file:///snap/nvim/3042/usr/share/nvim/runtime/lua
[16:07:42.133][info] [#0:script/workspace/loading.lua:100]: Preload file at: file:///snap/nvim/3042/usr/share/nvim/runtime/lua/vim/re.lua , size = 6.495 KB
[16:07:42.143][info] [#0:script/workspace/loading.lua:112]: ++++As library of:	file:///snap/nvim/3042/usr/share/nvim/runtime/lua
[16:07:42.144][info] [#0:script/workspace/loading.lua:100]: Preload file at: file:///snap/nvim/3042/usr/share/nvim/runtime/lua/vim/secure.lua , size = 5.018 KB
[16:07:42.149][info] [#0:script/workspace/loading.lua:112]: ++++As library of:	file:///snap/nvim/3042/usr/share/nvim/runtime/lua
[16:07:42.149][info] [#0:script/workspace/loading.lua:100]: Preload file at: file:///snap/nvim/3042/usr/share/nvim/runtime/lua/vim/shared.lua , size = 29.331 KB
[16:07:42.178][info] [#0:script/workspace/loading.lua:112]: ++++As library of:	file:///snap/nvim/3042/usr/share/nvim/runtime/lua
[16:07:42.178][info] [#0:script/workspace/loading.lua:100]: Preload file at: file:///snap/nvim/3042/usr/share/nvim/runtime/lua/vim/snippet.lua , size = 20.081 KB
[16:07:42.196][info] [#0:script/workspace/loading.lua:112]: ++++As library of:	file:///snap/nvim/3042/usr/share/nvim/runtime/lua
[16:07:42.196][info] [#0:script/workspace/loading.lua:100]: Preload file at: file:///snap/nvim/3042/usr/share/nvim/runtime/lua/vim/termcap.lua , size = 3.103 KB
[16:07:42.200][info] [#0:script/workspace/loading.lua:112]: ++++As library of:	file:///snap/nvim/3042/usr/share/nvim/runtime/lua
[16:07:42.200][info] [#0:script/workspace/loading.lua:100]: Preload file at: file:///snap/nvim/3042/usr/share/nvim/runtime/lua/vim/text.lua , size = 0.812 KB
[16:07:42.202][info] [#0:script/workspace/loading.lua:112]: ++++As library of:	file:///snap/nvim/3042/usr/share/nvim/runtime/lua
[16:07:42.202][info] [#0:script/workspace/loading.lua:100]: Preload file at: file:///snap/nvim/3042/usr/share/nvim/runtime/lua/vim/treesitter/_fold.lua , size = 14.081 KB
[16:07:42.212][info] [#0:script/workspace/loading.lua:112]: ++++As library of:	file:///snap/nvim/3042/usr/share/nvim/runtime/lua
[16:07:42.213][info] [#0:script/workspace/loading.lua:100]: Preload file at: file:///snap/nvim/3042/usr/share/nvim/runtime/lua/vim/treesitter/_meta.lua , size = 4.483 KB
[16:07:42.220][info] [#0:script/workspace/loading.lua:112]: ++++As library of:	file:///snap/nvim/3042/usr/share/nvim/runtime/lua
[16:07:42.220][info] [#0:script/workspace/loading.lua:100]: Preload file at: file:///snap/nvim/3042/usr/share/nvim/runtime/lua/vim/treesitter/_query_linter.lua , size = 7.627 KB
[16:07:42.229][info] [#0:script/workspace/loading.lua:112]: ++++As library of:	file:///snap/nvim/3042/usr/share/nvim/runtime/lua
[16:07:42.229][info] [#0:script/workspace/loading.lua:100]: Preload file at: file:///snap/nvim/3042/usr/share/nvim/runtime/lua/vim/treesitter/_range.lua , size = 3.869 KB
[16:07:42.235][info] [#0:script/workspace/loading.lua:112]: ++++As library of:	file:///snap/nvim/3042/usr/share/nvim/runtime/lua
[16:07:42.236][info] [#0:script/workspace/loading.lua:100]: Preload file at: file:///snap/nvim/3042/usr/share/nvim/runtime/lua/vim/treesitter/dev.lua , size = 19.644 KB
[16:07:42.257][info] [#0:script/workspace/loading.lua:112]: ++++As library of:	file:///snap/nvim/3042/usr/share/nvim/runtime/lua
[16:07:42.258][info] [#0:script/workspace/loading.lua:100]: Preload file at: file:///snap/nvim/3042/usr/share/nvim/runtime/lua/vim/treesitter/health.lua , size = 0.856 KB
[16:07:42.259][info] [#0:script/workspace/loading.lua:112]: ++++As library of:	file:///snap/nvim/3042/usr/share/nvim/runtime/lua
[16:07:42.259][info] [#0:script/workspace/loading.lua:100]: Preload file at: file:///snap/nvim/3042/usr/share/nvim/runtime/lua/vim/treesitter/highlighter.lua , size = 11.811 KB
[16:07:42.270][info] [#0:script/workspace/loading.lua:112]: ++++As library of:	file:///snap/nvim/3042/usr/share/nvim/runtime/lua
[16:07:42.270][info] [#0:script/workspace/loading.lua:100]: Preload file at: file:///snap/nvim/3042/usr/share/nvim/runtime/lua/vim/treesitter/language.lua , size = 3.684 KB
[16:07:42.275][info] [#0:script/workspace/loading.lua:112]: ++++As library of:	file:///snap/nvim/3042/usr/share/nvim/runtime/lua
[16:07:42.276][info] [#0:script/workspace/loading.lua:100]: Preload file at: file:///snap/nvim/3042/usr/share/nvim/runtime/lua/vim/treesitter/languagetree.lua , size = 33.292 KB
[16:07:42.404][warn] [#0:script/files.lua:704]: Compile [file:///snap/nvim/3042/usr/share/nvim/runtime/lua/vim/treesitter/languagetree.lua] takes [0.126] sec, size [34.091] kb.
[16:07:42.418][info] [#0:script/workspace/loading.lua:112]: ++++As library of:	file:///snap/nvim/3042/usr/share/nvim/runtime/lua
[16:07:42.418][info] [#0:script/workspace/loading.lua:100]: Preload file at: file:///snap/nvim/3042/usr/share/nvim/runtime/lua/vim/treesitter/query.lua , size = 32.301 KB
[16:07:42.451][info] [#0:script/workspace/loading.lua:112]: ++++As library of:	file:///snap/nvim/3042/usr/share/nvim/runtime/lua
[16:07:42.451][info] [#0:script/workspace/loading.lua:100]: Preload file at: file:///snap/nvim/3042/usr/share/nvim/runtime/lua/vim/treesitter.lua , size = 14.036 KB
[16:07:42.465][info] [#0:script/workspace/loading.lua:112]: ++++As library of:	file:///snap/nvim/3042/usr/share/nvim/runtime/lua
[16:07:42.467][info] [#0:script/workspace/loading.lua:100]: Preload file at: file:///snap/nvim/3042/usr/share/nvim/runtime/lua/vim/ui/clipboard/osc52.lua , size = 2.137 KB
[16:07:42.470][info] [#0:script/workspace/loading.lua:112]: ++++As library of:	file:///snap/nvim/3042/usr/share/nvim/runtime/lua
[16:07:42.470][info] [#0:script/workspace/loading.lua:100]: Preload file at: file:///snap/nvim/3042/usr/share/nvim/runtime/lua/vim/ui.lua , size = 5.396 KB
[16:07:42.476][info] [#0:script/workspace/loading.lua:112]: ++++As library of:	file:///snap/nvim/3042/usr/share/nvim/runtime/lua
[16:07:42.476][info] [#0:script/workspace/loading.lua:100]: Preload file at: file:///snap/nvim/3042/usr/share/nvim/runtime/lua/vim/uri.lua , size = 3.569 KB
[16:07:42.480][info] [#0:script/workspace/loading.lua:112]: ++++As library of:	file:///snap/nvim/3042/usr/share/nvim/runtime/lua
[16:07:42.480][info] [#0:script/workspace/loading.lua:100]: Preload file at: file:///snap/nvim/3042/usr/share/nvim/runtime/lua/vim/version.lua , size = 13.605 KB
[16:07:42.494][info] [#0:script/workspace/loading.lua:112]: ++++As library of:	file:///snap/nvim/3042/usr/share/nvim/runtime/lua
[16:07:42.494][info] [#0:script/workspace/loading.lua:100]: Preload file at: file:///home/ahmed/.dotfiles/home/.local/share/nvim/mason/packages/lua-language-server/libexec/meta/LuaJIT%20en-us%20utf8/debug.lua , size = 7.310 KB
[16:07:42.501][info] [#0:script/workspace/loading.lua:112]: ++++As library of:	file:///home/ahmed/.dotfiles/home/.local/share/nvim/mason/packages/lua-language-server/libexec/meta/LuaJIT%20en-us%20utf8/debug.lua
[16:07:42.501][info] [#0:script/workspace/loading.lua:100]: Preload file at: file:///snap/nvim/3042/usr/share/nvim/runtime/lua/vim/vimhelp.lua , size = 0.967 KB
[16:07:42.502][info] [#0:script/workspace/loading.lua:112]: ++++As library of:	file:///snap/nvim/3042/usr/share/nvim/runtime/lua
[16:07:42.503][info] [#0:script/workspace/loading.lua:100]: Preload file at: file:///home/ahmed/.dotfiles/home/.local/share/nvim/mason/packages/lua-language-server/libexec/meta/LuaJIT%20en-us%20utf8/builtin.lua , size = 0.302 KB
[16:07:42.504][info] [#0:script/workspace/loading.lua:112]: ++++As library of:	file:///home/ahmed/.dotfiles/home/.local/share/nvim/mason/packages/lua-language-server/libexec/meta/LuaJIT%20en-us%20utf8/builtin.lua
[16:07:42.504][info] [#0:script/workspace/loading.lua:100]: Preload file at: file:///home/ahmed/.dotfiles/home/.local/share/nvim/mason/packages/lua-language-server/libexec/meta/LuaJIT%20en-us%20utf8/table.lua , size = 4.235 KB
[16:07:42.508][info] [#0:script/workspace/loading.lua:112]: ++++As library of:	file:///home/ahmed/.dotfiles/home/.local/share/nvim/mason/packages/lua-language-server/libexec/meta/LuaJIT%20en-us%20utf8/table.lua
[16:07:42.508][info] [#0:script/workspace/loading.lua:100]: Preload file at: file:///home/ahmed/.dotfiles/home/.local/share/nvim/mason/packages/lua-language-server/libexec/meta/LuaJIT%20en-us%20utf8/os.lua , size = 5.600 KB
[16:07:42.513][info] [#0:script/workspace/loading.lua:112]: ++++As library of:	file:///home/ahmed/.dotfiles/home/.local/share/nvim/mason/packages/lua-language-server/libexec/meta/LuaJIT%20en-us%20utf8/os.lua
[16:07:42.513][info] [#0:script/workspace/loading.lua:100]: Preload file at: file:///home/ahmed/.dotfiles/home/.local/share/nvim/mason/packages/lua-language-server/libexec/meta/LuaJIT%20en-us%20utf8/ffi.lua , size = 2.529 KB
[16:07:42.517][info] [#0:script/workspace/loading.lua:112]: ++++As library of:	file:///home/ahmed/.dotfiles/home/.local/share/nvim/mason/packages/lua-language-server/libexec/meta/LuaJIT%20en-us%20utf8/ffi.lua
[16:07:42.517][info] [#0:script/workspace/loading.lua:100]: Preload file at: file:///home/ahmed/.dotfiles/home/.local/share/nvim/mason/packages/lua-language-server/libexec/meta/LuaJIT%20en-us%20utf8/string/buffer.lua , size = 18.123 KB
[16:07:42.525][info] [#0:script/workspace/loading.lua:112]: ++++As library of:	file:///home/ahmed/.dotfiles/home/.local/share/nvim/mason/packages/lua-language-server/libexec/meta/LuaJIT%20en-us%20utf8/string/buffer.lua
[16:07:42.525][info] [#0:script/workspace/loading.lua:100]: Preload file at: file:///home/ahmed/.dotfiles/home/.local/share/nvim/mason/packages/lua-language-server/libexec/meta/LuaJIT%20en-us%20utf8/math.lua , size = 7.949 KB
[16:07:42.533][info] [#0:script/workspace/loading.lua:112]: ++++As library of:	file:///home/ahmed/.dotfiles/home/.local/share/nvim/mason/packages/lua-language-server/libexec/meta/LuaJIT%20en-us%20utf8/math.lua
[16:07:42.534][info] [#0:script/workspace/loading.lua:100]: Preload file at: file:///home/ahmed/.dotfiles/home/.local/share/nvim/mason/packages/lua-language-server/libexec/meta/LuaJIT%20en-us%20utf8/bit.lua , size = 1.319 KB
[16:07:42.537][info] [#0:script/workspace/loading.lua:112]: ++++As library of:	file:///home/ahmed/.dotfiles/home/.local/share/nvim/mason/packages/lua-language-server/libexec/meta/LuaJIT%20en-us%20utf8/bit.lua
[16:07:42.537][info] [#0:script/workspace/loading.lua:100]: Preload file at: file:///home/ahmed/.dotfiles/home/.local/share/nvim/mason/packages/lua-language-server/libexec/meta/LuaJIT%20en-us%20utf8/jit/profile.lua , size = 0.348 KB
[16:07:42.538][info] [#0:script/workspace/loading.lua:112]: ++++As library of:	file:///home/ahmed/.dotfiles/home/.local/share/nvim/mason/packages/lua-language-server/libexec/meta/LuaJIT%20en-us%20utf8/jit/profile.lua
[16:07:42.538][info] [#0:script/workspace/loading.lua:100]: Preload file at: file:///home/ahmed/.dotfiles/home/.local/share/nvim/mason/packages/lua-language-server/libexec/meta/LuaJIT%20en-us%20utf8/coroutine.lua , size = 2.541 KB
[16:07:42.540][info] [#0:script/workspace/loading.lua:112]: ++++As library of:	file:///home/ahmed/.dotfiles/home/.local/share/nvim/mason/packages/lua-language-server/libexec/meta/LuaJIT%20en-us%20utf8/coroutine.lua
[16:07:42.540][info] [#0:script/workspace/loading.lua:100]: Preload file at: file:///home/ahmed/.dotfiles/home/.local/share/nvim/mason/packages/lua-language-server/libexec/meta/LuaJIT%20en-us%20utf8/jit.lua , size = 0.884 KB
[16:07:42.542][info] [#0:script/workspace/loading.lua:112]: ++++As library of:	file:///home/ahmed/.dotfiles/home/.local/share/nvim/mason/packages/lua-language-server/libexec/meta/LuaJIT%20en-us%20utf8/jit.lua
[16:07:42.543][info] [#0:script/workspace/loading.lua:100]: Preload file at: file:///home/ahmed/.dotfiles/home/.local/share/nvim/mason/packages/lua-language-server/libexec/meta/LuaJIT%20en-us%20utf8/io.lua , size = 6.364 KB
[16:07:42.548][info] [#0:script/workspace/loading.lua:112]: ++++As library of:	file:///home/ahmed/.dotfiles/home/.local/share/nvim/mason/packages/lua-language-server/libexec/meta/LuaJIT%20en-us%20utf8/io.lua
[16:07:42.549][info] [#0:script/workspace/loading.lua:100]: Preload file at: file:///home/ahmed/.dotfiles/home/.local/share/nvim/mason/packages/lua-language-server/libexec/meta/LuaJIT%20en-us%20utf8/basic.lua , size = 15.233 KB
[16:07:42.559][info] [#0:script/workspace/loading.lua:112]: ++++As library of:	file:///home/ahmed/.dotfiles/home/.local/share/nvim/mason/packages/lua-language-server/libexec/meta/LuaJIT%20en-us%20utf8/basic.lua
[16:07:42.560][info] [#0:script/workspace/loading.lua:100]: Preload file at: file:///home/ahmed/.dotfiles/home/.local/share/nvim/mason/packages/lua-language-server/libexec/meta/LuaJIT%20en-us%20utf8/string.lua , size = 6.310 KB
[16:07:42.565][info] [#0:script/workspace/loading.lua:112]: ++++As library of:	file:///home/ahmed/.dotfiles/home/.local/share/nvim/mason/packages/lua-language-server/libexec/meta/LuaJIT%20en-us%20utf8/string.lua
[16:07:42.565][info] [#0:script/workspace/loading.lua:100]: Preload file at: file:///home/ahmed/.dotfiles/home/.local/share/nvim/mason/packages/lua-language-server/libexec/meta/LuaJIT%20en-us%20utf8/jit/util.lua , size = 1.984 KB
[16:07:42.570][info] [#0:script/workspace/loading.lua:112]: ++++As library of:	file:///home/ahmed/.dotfiles/home/.local/share/nvim/mason/packages/lua-language-server/libexec/meta/LuaJIT%20en-us%20utf8/jit/util.lua
[16:07:42.570][info] [#0:script/workspace/loading.lua:100]: Preload file at: file:///home/ahmed/.dotfiles/nvim/.config/nvim/lua/config/keymaps.lua , size = 0.204 KB
[16:07:42.570][info] [#0:script/workspace/loading.lua:112]: ++++As library of:	file:///home/ahmed/.dotfiles/nvim/.config/nvim/lua
[16:07:42.571][info] [#0:script/workspace/loading.lua:100]: Preload file at: file:///home/ahmed/.dotfiles/nvim/.config/nvim/lua/config/lazy.lua , size = 1.812 KB
[16:07:42.572][info] [#0:script/workspace/loading.lua:112]: ++++As library of:	file:///home/ahmed/.dotfiles/nvim/.config/nvim/lua
[16:07:42.573][info] [#0:script/workspace/loading.lua:100]: Preload file at: file:///home/ahmed/.dotfiles/nvim/.config/nvim/lua/config/options.lua , size = 0.207 KB
[16:07:42.573][info] [#0:script/workspace/loading.lua:112]: ++++As library of:	file:///home/ahmed/.dotfiles/nvim/.config/nvim/lua
[16:07:42.573][info] [#0:script/workspace/loading.lua:100]: Preload file at: file:///home/ahmed/.dotfiles/nvim/.config/nvim/lua/config/autocmds.lua , size = 0.208 KB
[16:07:42.573][info] [#0:script/workspace/loading.lua:112]: ++++As library of:	file:///home/ahmed/.dotfiles/nvim/.config/nvim/lua
[16:07:42.574][info] [#0:script/workspace/loading.lua:100]: Preload file at: file:///home/ahmed/.dotfiles/nvim/.config/nvim/lua/plugins/treesitter.lua , size = 0.280 KB
[16:07:42.574][info] [#0:script/workspace/loading.lua:112]: ++++As library of:	file:///home/ahmed/.dotfiles/nvim/.config/nvim/lua
[16:07:42.574][info] [#0:script/workspace/loading.lua:100]: Preload file at: file:///home/ahmed/.dotfiles/nvim/.config/nvim/lua/plugins/colorscheme.lua , size = 0.355 KB
[16:07:42.575][info] [#0:script/workspace/loading.lua:112]: ++++As library of:	file:///home/ahmed/.dotfiles/nvim/.config/nvim/lua
[16:07:42.575][info] [#0:script/workspace/loading.lua:88]: Skip loaded file: file:///home/ahmed/.dotfiles/nvim/.config/nvim/lua/plugins/obsidian.lua
[16:07:42.575][info] [#0:script/workspace/loading.lua:112]: ++++As library of:	file:///home/ahmed/.dotfiles/nvim/.config/nvim/lua
[16:07:42.575][info] [#0:script/workspace/loading.lua:100]: Preload file at: file:///home/ahmed/.dotfiles/nvim/.config/nvim/lua/plugins/example.lua , size = 5.171 KB
[16:07:42.578][info] [#0:script/workspace/loading.lua:112]: ++++As library of:	file:///home/ahmed/.dotfiles/nvim/.config/nvim/lua
[16:07:42.578][info] [#0:script/workspace/loading.lua:100]: Preload file at: file:///home/ahmed/.dotfiles/home/.local/share/nvim/mason/packages/lua-language-server/libexec/meta/LuaJIT%20en-us%20utf8/table/new.lua , size = 0.642 KB
[16:07:42.579][info] [#0:script/workspace/loading.lua:112]: ++++As library of:	file:///home/ahmed/.dotfiles/home/.local/share/nvim/mason/packages/lua-language-server/libexec/meta/LuaJIT%20en-us%20utf8/table/new.lua
[16:07:42.579][info] [#0:script/workspace/loading.lua:100]: Preload file at: file:///home/ahmed/.dotfiles/home/.local/share/nvim/mason/packages/lua-language-server/libexec/meta/LuaJIT%20en-us%20utf8/table/clear.lua , size = 0.797 KB
[16:07:42.580][info] [#0:script/workspace/loading.lua:112]: ++++As library of:	file:///home/ahmed/.dotfiles/home/.local/share/nvim/mason/packages/lua-language-server/libexec/meta/LuaJIT%20en-us%20utf8/table/clear.lua
[16:07:42.580][info] [#0:script/workspace/loading.lua:100]: Preload file at: file:///home/ahmed/.dotfiles/home/.local/share/nvim/mason/packages/lua-language-server/libexec/meta/LuaJIT%20en-us%20utf8/package.lua , size = 2.699 KB
[16:07:42.582][info] [#0:script/workspace/loading.lua:112]: ++++As library of:	file:///home/ahmed/.dotfiles/home/.local/share/nvim/mason/packages/lua-language-server/libexec/meta/LuaJIT%20en-us%20utf8/package.lua
[16:07:42.583][info] [#0:script/workspace/loading.lua:100]: Preload file at: file:///home/ahmed/.dotfiles/nvim/.config/nvim/init.lua , size = 0.070 KB
[16:07:42.583][info] [#0:script/workspace/loading.lua:172]: Loaded files takes [2.386] sec: file:///home/ahmed/.dotfiles/nvim/.config/nvim
[16:07:42.583][info] [#0:script/workspace/loading.lua:181]: Compile files takes [0.000] sec: file:///home/ahmed/.dotfiles/nvim/.config/nvim
[16:07:42.583][info] [#0:script/workspace/loading.lua:182]: Loaded finish:	file:///home/ahmed/.dotfiles/nvim/.config/nvim
[16:07:42.583][info] [#0:script/workspace/workspace.lua:381]: Preload finish at:	file:///home/ahmed/.dotfiles/nvim/.config/nvim
[16:07:42.617][info] [#0:script/provider/diagnostic.lua:560]: Diagnostics scope [file:///home/ahmed/.dotfiles/nvim/.config/nvim], files count:[146]
[16:07:42.618][warn] [#0:script/proto/proto.lua:189]: Method [textDocument/didOpen] takes [2.549]sec. {
  jsonrpc = "2.0",
  method = "textDocument/didOpen",
  params = {
    textDocument = {
      languageId = "lua",
      text = '"***"',
      uri = "file:///home/ahmed/.dotfiles/nvim/.config/nvim/lua/plugins/obsidian.lua",
      version = 0
    }
  }
}
[16:07:42.619][warn] [#0:script/proto/proto.lua:189]: Method [textDocument/inlayHint] takes [2.476]sec. {
  id = 7,
  jsonrpc = "2.0",
  method = "textDocument/inlayHint",
  params = {
    range = {
      end = {
        character = 0,
        line = 1
      },
      start = {
        character = 0,
        line = 0
      }
    },
    textDocument = {
      uri = "file:///home/ahmed/.dotfiles/nvim/.config/nvim/lua/plugins/obsidian.lua"
    }
  }
}
[16:07:42.619][warn] [#0:script/proto/proto.lua:189]: Method [textDocument/inlayHint] takes [2.476]sec. {
  id = 9,
  jsonrpc = "2.0",
  method = "textDocument/inlayHint",
  params = {
    range = {
      end = {
        character = 0,
        line = 1
      },
      start = {
        character = 0,
        line = 0
      }
    },
    textDocument = {
      uri = "file:///home/ahmed/.dotfiles/nvim/.config/nvim/lua/plugins/obsidian.lua"
    }
  }
}
[16:07:42.619][warn] [#0:script/proto/proto.lua:189]: Method [textDocument/inlayHint] takes [2.476]sec. {
  id = 11,
  jsonrpc = "2.0",
  method = "textDocument/inlayHint",
  params = {
    range = {
      end = {
        character = 0,
        line = 1
      },
      start = {
        character = 0,
        line = 0
      }
    },
    textDocument = {
      uri = "file:///home/ahmed/.dotfiles/nvim/.config/nvim/lua/plugins/obsidian.lua"
    }
  }
}
[16:07:42.620][warn] [#0:script/proto/proto.lua:189]: Method [textDocument/inlayHint] takes [2.476]sec. {
  id = 13,
  jsonrpc = "2.0",
  method = "textDocument/inlayHint",
  params = {
    range = {
      end = {
        character = 0,
        line = 1
      },
      start = {
        character = 0,
        line = 0
      }
    },
    textDocument = {
      uri = "file:///home/ahmed/.dotfiles/nvim/.config/nvim/lua/plugins/obsidian.lua"
    }
  }
}
[16:07:42.620][warn] [#0:script/proto/proto.lua:189]: Method [textDocument/inlayHint] takes [2.476]sec. {
  id = 15,
  jsonrpc = "2.0",
  method = "textDocument/inlayHint",
  params = {
    range = {
      end = {
        character = 0,
        line = 1
      },
      start = {
        character = 0,
        line = 0
      }
    },
    textDocument = {
      uri = "file:///home/ahmed/.dotfiles/nvim/.config/nvim/lua/plugins/obsidian.lua"
    }
  }
}
[16:07:42.620][warn] [#0:script/proto/proto.lua:189]: Method [textDocument/inlayHint] takes [2.476]sec. {
  id = 17,
  jsonrpc = "2.0",
  method = "textDocument/inlayHint",
  params = {
    range = {
      end = {
        character = 0,
        line = 1
      },
      start = {
        character = 0,
        line = 0
      }
    },
    textDocument = {
      uri = "file:///home/ahmed/.dotfiles/nvim/.config/nvim/lua/plugins/obsidian.lua"
    }
  }
}
[16:07:42.620][warn] [#0:script/proto/proto.lua:189]: Method [textDocument/semanticTokens/full] takes [2.476]sec. {
  id = 16,
  jsonrpc = "2.0",
  method = "textDocument/semanticTokens/full",
  params = {
    textDocument = {
      uri = "file:///home/ahmed/.dotfiles/nvim/.config/nvim/lua/plugins/obsidian.lua"
    }
  }
}
[16:07:42.621][warn] [#0:script/proto/proto.lua:189]: Method [textDocument/documentSymbol] takes [2.551]sec. {
  id = 5,
  jsonrpc = "2.0",
  method = "textDocument/documentSymbol",
  params = {
    textDocument = {
      uri = "file:///home/ahmed/.dotfiles/nvim/.config/nvim/lua/plugins/obsidian.lua"
    }
  }
}
[16:07:42.680][info] [#0:script/provider/diagnostic.lua:577]: Diagnostics scope [file:///home/ahmed/.dotfiles/nvim/.config/nvim] finished, takes [0.037] sec.
[16:07:46.251][info] [#0:script/provider/diagnostic.lua:171]: clearDiagnostics	file:///home/ahmed/.dotfiles/nvim/.config/nvim/lua/plugins/obsidian.lua
[16:07:47.633][info] [#0:script/provider/diagnostic.lua:171]: clearDiagnostics	file:///home/ahmed/.dotfiles/nvim/.config/nvim/lua/plugins/obsidian.lua
[16:08:31.420][info] [#0:script/provider/diagnostic.lua:171]: clearDiagnostics	file:///home/ahmed/.dotfiles/nvim/.config/nvim/lua/plugins/obsidian.lua
[16:08:37.228][info] [#0:script/provider/diagnostic.lua:560]: Diagnostics scope [file:///home/ahmed/.dotfiles/nvim/.config/nvim], files count:[146]
[16:08:37.325][info] [#0:script/provider/diagnostic.lua:577]: Diagnostics scope [file:///home/ahmed/.dotfiles/nvim/.config/nvim] finished, takes [0.051] sec.
[16:08:42.353][info] [#0:script/provider/diagnostic.lua:171]: clearDiagnostics	file:///home/ahmed/.dotfiles/nvim/.config/nvim/lua/plugins/obsidian.lua
[16:08:48.314][info] [#0:script/provider/diagnostic.lua:560]: Diagnostics scope [file:///home/ahmed/.dotfiles/nvim/.config/nvim], files count:[146]
[16:08:48.408][info] [#0:script/provider/diagnostic.lua:577]: Diagnostics scope [file:///home/ahmed/.dotfiles/nvim/.config/nvim] finished, takes [0.050] sec.
[16:10:25.214][warn] [#0:script/pub/report.lua:24]: Load proto error:	Disconnected!
